<?xml version="1.0" encoding="UTF-8"?>
<!-- Generated by org.testng.reporters.JUnitXMLReporter -->
<testsuite ignored="1" hostname="Nihar" failures="0" tests="1" name="Default test" time="1.326" errors="0" timestamp="2023-12-19T20:19:35 IST">
  <testcase classname="validateJSON.ParsingJSONResponseData" name="testJsonResponseBodyData" time="1.283"/>
  <testcase classname="validateJSON.ParsingJSONResponseData" name="testJsonResponse" time="0.0">
    <ignored/>
  </testcase> <!-- testJsonResponse -->
</testsuite> <!-- Default test -->
