<?xml version="1.0" encoding="UTF-8"?>
<!-- Generated by org.testng.reporters.JUnitXMLReporter -->
<testsuite ignored="0" hostname="Nihar" failures="0" tests="4" name="Default test" time="5.163" errors="0" timestamp="2023-12-16T17:07:17 IST">
  <testcase classname="reqRes.HttpRequests" name="getUsers" time="3.033"/>
  <testcase classname="reqRes.HttpRequests" name="createUser" time="0.962"/>
  <testcase classname="reqRes.HttpRequests" name="upDateUser" time="0.698"/>
  <testcase classname="reqRes.HttpRequests" name="deleteUser" time="0.412"/>
</testsuite> <!-- Default test -->
